[Mon, 09 Apr 18 00:55:14 +0700][ERROR] [2]: EditController handler class cannot be loaded

[Mon, 09 Apr 18 00:57:33 +0700][ERROR] [2]: EditController handler class cannot be loaded

[Mon, 09 Apr 18 00:57:39 +0700][ERROR] [2]: EditController handler class cannot be loaded

[Mon, 09 Apr 18 00:57:59 +0700][ERROR] [2]: EditController handler class cannot be loaded

[Mon, 09 Apr 18 00:58:31 +0700][ERROR] [2]: EditController handler class cannot be loaded

[Mon, 09 Apr 18 01:13:01 +0700][ERROR] [2]: ImgController handler class cannot be loaded

[Mon, 09 Apr 18 01:13:26 +0700][ERROR] [2]: ImgController handler class cannot be loaded

[Mon, 09 Apr 18 01:13:28 +0700][ERROR] [2]: ImgController handler class cannot be loaded

[Mon, 09 Apr 18 01:34:23 +0700][ERROR] [2]: VendorController handler class cannot be loaded

[Mon, 09 Apr 18 01:34:41 +0700][ERROR] [2]: VendorController handler class cannot be loaded

[Mon, 09 Apr 18 01:37:47 +0700][ERROR] [2]: VendorController handler class cannot be loaded

[Mon, 09 Apr 18 01:37:47 +0700][ERROR] [2]: VendorController handler class cannot be loaded

[Mon, 09 Apr 18 01:38:03 +0700][ERROR] [2]: VendorController handler class cannot be loaded

[Mon, 09 Apr 18 01:38:57 +0700][ERROR] [2]: JsController handler class cannot be loaded

[Mon, 09 Apr 18 01:38:57 +0700][ERROR] [2]: JsController handler class cannot be loaded

[Mon, 09 Apr 18 01:42:14 +0700][ERROR] [2]: VendorController handler class cannot be loaded

[Mon, 09 Apr 18 01:42:14 +0700][ERROR] [2]: VendorController handler class cannot be loaded

[Mon, 09 Apr 18 01:42:15 +0700][ERROR] [2]: VendorController handler class cannot be loaded

[Mon, 09 Apr 18 01:42:15 +0700][ERROR] [2]: VendorController handler class cannot be loaded

[Mon, 09 Apr 18 01:42:17 +0700][ERROR] [2]: VendorController handler class cannot be loaded

[Mon, 09 Apr 18 01:42:17 +0700][ERROR] [2]: VendorController handler class cannot be loaded

[Mon, 09 Apr 18 12:52:06 +0700][ERROR] [2]: CssController handler class cannot be loaded

[Mon, 09 Apr 18 12:52:07 +0700][ERROR] [2]: CssController handler class cannot be loaded

[Mon, 09 Apr 18 12:52:19 +0700][ERROR] [2]: CssController handler class cannot be loaded

[Mon, 09 Apr 18 12:52:19 +0700][ERROR] [2]: CssController handler class cannot be loaded

[Mon, 09 Apr 18 12:58:28 +0700][ERROR] [2]: CssController handler class cannot be loaded

[Mon, 09 Apr 18 12:58:28 +0700][ERROR] [2]: CssController handler class cannot be loaded

[Mon, 09 Apr 18 12:58:54 +0700][ERROR] [2]: ImgController handler class cannot be loaded

[Mon, 09 Apr 18 13:16:33 +0700][ERROR] [2]: CssController handler class cannot be loaded

[Mon, 09 Apr 18 13:16:33 +0700][ERROR] [2]: CssController handler class cannot be loaded

[Mon, 09 Apr 18 13:16:39 +0700][ERROR] [2]: CssController handler class cannot be loaded

[Mon, 09 Apr 18 13:16:39 +0700][ERROR] [2]: CssController handler class cannot be loaded

[Mon, 09 Apr 18 13:16:48 +0700][ERROR] [2]: CssController handler class cannot be loaded

[Mon, 09 Apr 18 13:16:48 +0700][ERROR] [2]: CssController handler class cannot be loaded

[Mon, 09 Apr 18 13:16:51 +0700][ERROR] [2]: ImgController handler class cannot be loaded

[Mon, 09 Apr 18 13:16:59 +0700][ERROR] [2]: CssController handler class cannot be loaded

[Mon, 09 Apr 18 13:16:59 +0700][ERROR] [2]: CssController handler class cannot be loaded

[Mon, 09 Apr 18 13:19:06 +0700][ERROR] [2]: CssController handler class cannot be loaded

[Mon, 09 Apr 18 13:19:06 +0700][ERROR] [2]: CssController handler class cannot be loaded

[Mon, 09 Apr 18 13:26:09 +0700][ERROR] [2]: CssController handler class cannot be loaded

[Mon, 09 Apr 18 13:26:09 +0700][ERROR] [2]: CssController handler class cannot be loaded

[Mon, 09 Apr 18 13:26:15 +0700][ERROR] [2]: ImgController handler class cannot be loaded

[Mon, 09 Apr 18 13:26:35 +0700][ERROR] [2]: CssController handler class cannot be loaded

[Mon, 09 Apr 18 13:26:35 +0700][ERROR] [2]: CssController handler class cannot be loaded

[Mon, 09 Apr 18 13:38:32 +0700][ERROR] [2]: ImgController handler class cannot be loaded

[Mon, 09 Apr 18 14:05:18 +0700][ERROR] [2]: ImgController handler class cannot be loaded

[Mon, 09 Apr 18 14:05:29 +0700][ERROR] [2]: ImgController handler class cannot be loaded

